<?xml version="1.0" encoding="UTF-8"?>
<testsuite xmlns:xsi="http://www.w3.org/2001/XMLSchema-instance" xsi:noNamespaceSchemaLocation="https://maven.apache.org/surefire/maven-surefire-plugin/xsd/surefire-test-report-3.0.xsd" version="3.0" name="com.example.AppTest" time="0.054" tests="1" errors="0" skipped="0" failures="0">
  <properties>
    <property name="java.specification.version" value="21"/>
    <property name="sun.cpu.isalist" value="amd64"/>
    <property name="sun.jnu.encoding" value="Cp1252"/>
    <property name="java.class.path" value="C:\Jenkins-Master-CI-CD\hello-world\target\test-classes;C:\Jenkins-Master-CI-CD\hello-world\target\classes;C:\Users\rajnages\.m2\repository\junit\junit\4.13.2\junit-4.13.2.jar;C:\Users\rajnages\.m2\repository\org\hamcrest\hamcrest-core\1.3\hamcrest-core-1.3.jar;"/>
    <property name="java.vm.vendor" value="Eclipse Adoptium"/>
    <property name="sun.arch.data.model" value="64"/>
    <property name="user.variant" value=""/>
    <property name="java.vendor.url" value="https://adoptium.net/"/>
    <property name="user.timezone" value="Asia/Calcutta"/>
    <property name="os.name" value="Windows 11"/>
    <property name="java.vm.specification.version" value="21"/>
    <property name="sun.java.launcher" value="SUN_STANDARD"/>
    <property name="user.country" value="IN"/>
    <property name="sun.boot.library.path" value="C:\Program Files\Eclipse Adoptium\jdk-21.0.1.12-hotspot\bin"/>
    <property name="sun.java.command" value="C:\Users\rajnages\AppData\Local\Temp\surefire17901369462949751085\surefirebooter-20241201122316599_3.jar C:\Users\rajnages\AppData\Local\Temp\surefire17901369462949751085 2024-12-01T12-23-16_462-jvmRun1 surefire-20241201122316599_1tmp surefire_0-20241201122316599_2tmp"/>
    <property name="jdk.debug" value="release"/>
    <property name="surefire.test.class.path" value="C:\Jenkins-Master-CI-CD\hello-world\target\test-classes;C:\Jenkins-Master-CI-CD\hello-world\target\classes;C:\Users\rajnages\.m2\repository\junit\junit\4.13.2\junit-4.13.2.jar;C:\Users\rajnages\.m2\repository\org\hamcrest\hamcrest-core\1.3\hamcrest-core-1.3.jar;"/>
    <property name="sun.cpu.endian" value="little"/>
    <property name="user.home" value="C:\Users\rajnages"/>
    <property name="user.language" value="en"/>
    <property name="java.specification.vendor" value="Oracle Corporation"/>
    <property name="java.version.date" value="2023-10-17"/>
    <property name="java.home" value="C:\Program Files\Eclipse Adoptium\jdk-21.0.1.12-hotspot"/>
    <property name="file.separator" value="\"/>
    <property name="basedir" value="C:\Jenkins-Master-CI-CD\hello-world"/>
    <property name="java.vm.compressedOopsMode" value="Zero based"/>
    <property name="line.separator" value="&#10;"/>
    <property name="java.vm.specification.vendor" value="Oracle Corporation"/>
    <property name="java.specification.name" value="Java Platform API Specification"/>
    <property name="surefire.real.class.path" value="C:\Users\rajnages\AppData\Local\Temp\surefire17901369462949751085\surefirebooter-20241201122316599_3.jar"/>
    <property name="user.script" value=""/>
    <property name="sun.management.compiler" value="HotSpot 64-Bit Tiered Compilers"/>
    <property name="java.runtime.version" value="21.0.1+12-LTS"/>
    <property name="user.name" value="rajnages"/>
    <property name="stdout.encoding" value="Cp1252"/>
    <property name="path.separator" value=";"/>
    <property name="os.version" value="10.0"/>
    <property name="java.runtime.name" value="OpenJDK Runtime Environment"/>
    <property name="file.encoding" value="UTF-8"/>
    <property name="java.vm.name" value="OpenJDK 64-Bit Server VM"/>
    <property name="java.vendor.version" value="Temurin-21.0.1+12"/>
    <property name="localRepository" value="C:\Users\rajnages\.m2\repository"/>
    <property name="java.vendor.url.bug" value="https://github.com/adoptium/adoptium-support/issues"/>
    <property name="java.io.tmpdir" value="C:\Users\rajnages\AppData\Local\Temp\"/>
    <property name="java.version" value="21.0.1"/>
    <property name="user.dir" value="C:\Jenkins-Master-CI-CD\hello-world"/>
    <property name="os.arch" value="amd64"/>
    <property name="java.vm.specification.name" value="Java Virtual Machine Specification"/>
    <property name="sun.os.patch.level" value=""/>
    <property name="native.encoding" value="Cp1252"/>
    <property name="java.library.path" value="C:\Program Files\Eclipse Adoptium\jdk-21.0.1.12-hotspot\bin;C:\Windows\Sun\Java\bin;C:\Windows\system32;C:\Windows;C:\Users\rajnages\bin;C:\Program Files\Git\mingw64\bin;C:\Program Files\Git\usr\local\bin;C:\Program Files\Git\usr\bin;C:\Program Files\Git\usr\bin;C:\Program Files\Git\mingw64\bin;C:\Program Files\Git\usr\bin;C:\Users\rajnages\bin;C:\Program Files\Eclipse Adoptium\jdk-21.0.1.12-hotspot\bin;C:\Windows\system32;C:\Windows;C:\Windows\System32\Wbem;C:\Windows\System32\WindowsPowerShell\v1.0;C:\Windows\System32\OpenSSH;C:\Program Files\Git\cmd;C:\Program Files\Amazon\AWSCLIV2;C:\Program Files\dotnet;C:\Users\rajnages\AppData\Local\Programs\Python\Python313\Scripts;C:\Users\rajnages\AppData\Local\Programs\Python\Python313;C:\Users\rajnages\Downloads\gh_2.62.0_windows_386\bin;C:\Users\rajnages\Downloads\eksctl_Windows_amd64;C:\Users\rajnages\Downloads\packer_1.11.2_windows_amd64;C:\Users\rajnages\Downloads\kubectl.exe;C:\Users\rajnages\AppData\Local\Programs\Python\Launcher;C:\Users\rajnages\Downloads\apache-maven-3.9.9-bin\apache-maven-3.9.9\bin;C:\Users\rajnages\Downloads\node-v20.18.0-win-x64\node-v20.18.0-win-x64;C:\Terraform;C:\Windows\system32\config\systemprofile\AppData\Local\Microsoft\WindowsApps;C:\Users\rajnages\AppData\Local\Programs\Microsoft VS Code Insiders\bin;C:\Users\rajnages\AppData\Local\Programs\Microsoft VS Code\bin;C:\Users\rajnages\AppData\Local\Microsoft\WinGet\Links;C:\Users\rajnages\AppData\Local\Programs\Windsurf\bin;C:\Users\rajnages\AppData\Local\Programs\Lens\resources\cli\bin;C:\Users\rajnages\AppData\Local\JetBrains\Toolbox\scripts;C:\Users\rajnages\AppData\Local\GitHubDesktop\bin;C:\Users\rajnages\AppData\Local\Programs\Ollama;C:\Program Files\Git\usr\bin\vendor_perl;C:\Program Files\Git\usr\bin\core_perl;."/>
    <property name="java.vm.info" value="mixed mode, sharing"/>
    <property name="stderr.encoding" value="Cp1252"/>
    <property name="java.vendor" value="Eclipse Adoptium"/>
    <property name="java.vm.version" value="21.0.1+12-LTS"/>
    <property name="sun.io.unicode.encoding" value="UnicodeLittle"/>
    <property name="java.class.version" value="65.0"/>
  </properties>
  <testcase name="testAppGreeting" classname="com.example.AppTest" time="0.005"/>
</testsuite>